Command line invocation:
    
/Applications/Xcode.app/Contents/Developer/usr/bin/xcodebuild build -project /Users/daniel/Documents/Development/OpenArtemis/OpenArtemis.xcodeproj -scheme OpenArtemis -destination id=FCF997FD-7185-48E8-B4B4-DF12AE17CB85 -configuration Debug -parallelizeTargets

User defaults from command line:
    IDEPackageSupportUseBuiltinSCM = YES


Resolve Package Graph




Resolved source packages:

  LazyPager: https://github.com/gh123man/LazyPager @ 1.0.5
  NetworkImage: https://github.com/gonzalezreal/NetworkImage @ 6.0.0
  SKPhotoBrowser: https://github.com/suzuki-0000/SKPhotoBrowser @ 7.1.0
  SwiftHTMLtoMarkdown: https://github.com/ActuallyTaylor/SwiftHTMLToMarkdown @ 1.1.1
  Defaults: https://github.com/sindresorhus/Defaults.git @ main

  swift-markdown-ui: https://github.com/gonzalezreal/swift-markdown-ui @ 2.2.0
  SwiftSoup: https://github.com/scinfu/SwiftSoup @ 2.6.1
  CachedImage: https://github.com/leoz/CachedImage @ 0.0.5


--- xcodebuild: WARNING: Using the first of multiple matching destinations:
{ platform:iOS Simulator, id:FCF997FD-7185-48E8-B4B4-DF12AE17CB85, OS:17.2, name:iPhone 15 Pro }
{ platform:iOS Simulator, id:FCF997FD-7185-48E8-B4B4-DF12AE17CB85, OS:17.2, name:iPhone 15 Pro }

Prepare packages



ComputeTargetDependencyGraph

note: Building targets in dependency order

note: Target dependency graph (16 targets)
    Target 'OpenArtemis' in project 'OpenArtemis'
        ➜ Explicit dependency on target 'Defaults' in project 'Defaults'
        ➜ Explicit dependency on target 'SwiftHTMLtoMarkdown' in project 'SwiftHTMLtoMarkdown'
        ➜ Explicit dependency on target 'CachedImage' in project 'CachedImage'
        ➜ Explicit dependency on target 'MarkdownUI' in project 'swift-markdown-ui'
        ➜ Explicit dependency on target 'SwiftSoup' in project 'SwiftSoup'
        ➜ Explicit dependency on target 'LazyPager' in project 'LazyPager'
    Target 'LazyPager' in project 'LazyPager'
        ➜ Explicit dependency on target 'LazyPager' in project 'LazyPager'
    Target 'LazyPager' in project 'LazyPager' (no dependencies)
    Target 'MarkdownUI' in project 'swift-markdown-ui'
        ➜ Explicit dependency on target 'MarkdownUI' in project 'swift-markdown-ui'
        ➜ Explicit dependency on target 'cmark-gfm' in project 'swift-markdown-ui'
        ➜ Explicit dependency on target 'NetworkImage' in project 'NetworkImage'
    Target 'MarkdownUI' in project 'swift-markdown-ui'
        ➜ Explicit dependency on target 'cmark-gfm' in project 'swift-markdown-ui'
        ➜ Explicit dependency on target 'NetworkImage' in project 'NetworkImage'
    Target 'NetworkImage' in project 'NetworkImage'
        ➜ Explicit dependency on target 'NetworkImage' in project 'NetworkImage'
    Target 'NetworkImage' in project 'NetworkImage' (no dependencies)
    Target 'cmark-gfm' in project 'swift-markdown-ui' (no dependencies)
    Target 'CachedImage' in project 'CachedImage'
        ➜ Explicit dependency on target 'CachedImage' in project 'CachedImage'
    Target 'CachedImage' in project 'CachedImage' (no dependencies)
    Target 'SwiftHTMLtoMarkdown' in project 'SwiftHTMLtoMarkdown'
        ➜ Explicit dependency on target 'SwiftHTMLtoMarkdown' in project 'SwiftHTMLtoMarkdown'
        ➜ Explicit dependency on target 'SwiftSoup' in project 'SwiftSoup'
    Target 'SwiftHTMLtoMarkdown' in project 'SwiftHTMLtoMarkdown'
        ➜ Explicit dependency on target 'SwiftSoup' in project 'SwiftSoup'
    Target 'SwiftSoup' in project 'SwiftSoup'
        ➜ Explicit dependency on target 'SwiftSoup' in project 'SwiftSoup'
    Target 'SwiftSoup' in project 'SwiftSoup' (no dependencies)
    Target 'Defaults' in project 'Defaults'
        ➜ Explicit dependency on target 'Defaults' in project 'Defaults'
    Target 'Defaults' in project 'Defaults' (no dependencies)



GatherProvisioningInputs



CreateBuildDescription



ClangStatCache /Applications/Xcode.app/Contents/Developer/Toolchains/XcodeDefault.xctoolchain/usr/bin/clang-stat-cache /Applications/Xcode.app/Contents/Developer/Platforms/iPhoneSimulator.platform/Developer/SDKs/iPhoneSimulator17.2.sdk /Users/daniel/Library/Developer/Xcode/DerivedData/SDKStatCaches.noindex/iphonesimulator17.2-21C52-4f2951bfe8f3cd53c99228b0131e163e.sdkstatcache
    cd /Users/daniel/Documents/Development/OpenArtemis/OpenArtemis.xcodeproj
    /Applications/Xcode.app/Contents/Developer/Toolchains/XcodeDefault.xctoolchain/usr/bin/clang-stat-cache /Applications/Xcode.app/Contents/Developer/Platforms/iPhoneSimulator.platform/Developer/SDKs/iPhoneSimulator17.2.sdk -o /Users/daniel/Library/Developer/Xcode/DerivedData/SDKStatCaches.noindex/iphonesimulator17.2-21C52-4f2951bfe8f3cd53c99228b0131e163e.sdkstatcache



** BUILD SUCCEEDED ** [2.884 sec]




